-------------------------------------------------------------------------------
Test set: TestSuite
-------------------------------------------------------------------------------
Tests run: 6, Failures: 1, Errors: 0, Skipped: 0, Time elapsed: 80.814 s <<< FAILURE! - in TestSuite
reviewAndPlaceOrderTest(tests.GuestEndToEndTest)  Time elapsed: 0.367 s  <<< FAILURE!
java.lang.IllegalArgumentException: Key Down / Up events only make sense for modifier keys.
	at tests.GuestEndToEndTest.reviewAndPlaceOrderTest(GuestEndToEndTest.java:98)

