<?xml version="1.0" encoding="UTF-8"?>
<testng-results skipped="0" failed="0" ignored="0" total="9" passed="9">
  <reporter-output>
  </reporter-output>
  <suite name="Suite" duration-ms="153204" started-at="2019-05-11T06:24:57Z" finished-at="2019-05-11T06:27:30Z">
    <groups>
    </groups>
    <test name="Test" duration-ms="153204" started-at="2019-05-11T06:24:57Z" finished-at="2019-05-11T06:27:30Z">
      <class name="tests.EndToEndTest">
        <test-method status="PASS" signature="beforeClass(java.lang.String, java.lang.String)[pri:0, instance:tests.EndToEndTest@754ba872]" name="beforeClass" is-config="true" duration-ms="20863" started-at="2019-05-11T06:24:57Z" finished-at="2019-05-11T06:25:18Z">
          <params>
            <param index="0">
              <value>
                <![CDATA[CH]]>
              </value>
            </param>
            <param index="1">
              <value>
                <![CDATA[http://localhost/Avactis/]]>
              </value>
            </param>
          </params>
          <reporter-output>
          </reporter-output>
        </test-method> <!-- beforeClass -->
        <test-method status="PASS" signature="e2eRegistrationTest()[pri:0, instance:tests.EndToEndTest@754ba872]" name="e2eRegistrationTest" duration-ms="23190" started-at="2019-05-11T06:25:18Z" finished-at="2019-05-11T06:25:41Z">
          <reporter-output>
          </reporter-output>
        </test-method> <!-- e2eRegistrationTest -->
        <test-method status="PASS" signature="afterMethod()[pri:0, instance:tests.EndToEndTest@754ba872]" name="afterMethod" is-config="true" duration-ms="0" started-at="2019-05-11T06:25:41Z" finished-at="2019-05-11T06:25:41Z">
          <reporter-output>
          </reporter-output>
        </test-method> <!-- afterMethod -->
        <test-method status="PASS" signature="e2eLogInTest()[pri:1, instance:tests.EndToEndTest@754ba872]" name="e2eLogInTest" duration-ms="15173" started-at="2019-05-11T06:25:41Z" depends-on-methods="tests.EndToEndTest.e2eRegistrationTest" finished-at="2019-05-11T06:25:56Z">
          <reporter-output>
          </reporter-output>
        </test-method> <!-- e2eLogInTest -->
        <test-method status="PASS" signature="afterMethod()[pri:0, instance:tests.EndToEndTest@754ba872]" name="afterMethod" is-config="true" duration-ms="0" started-at="2019-05-11T06:25:56Z" finished-at="2019-05-11T06:25:56Z">
          <reporter-output>
          </reporter-output>
        </test-method> <!-- afterMethod -->
        <test-method status="PASS" signature="guestSelectProductTest(java.lang.String, java.lang.String, java.lang.String, java.lang.String)[pri:2, instance:tests.EndToEndTest@754ba872]" name="guestSelectProductTest" duration-ms="13701" started-at="2019-05-11T06:25:57Z" data-provider="productsDetails" depends-on-methods="tests.EndToEndTest.e2eLogInTest" finished-at="2019-05-11T06:26:10Z">
          <params>
            <param index="0">
              <value>
                <![CDATA[NA]]>
              </value>
            </param>
            <param index="1">
              <value>
                <![CDATA[NA]]>
              </value>
            </param>
            <param index="2">
              <value>
                <![CDATA[Sea Eagle Sport Kayak]]>
              </value>
            </param>
            <param index="3">
              <value>
                <![CDATA[523.00]]>
              </value>
            </param>
          </params>
          <reporter-output>
          </reporter-output>
        </test-method> <!-- guestSelectProductTest -->
        <test-method status="PASS" signature="afterMethod()[pri:0, instance:tests.EndToEndTest@754ba872]" name="afterMethod" is-config="true" duration-ms="0" started-at="2019-05-11T06:26:10Z" finished-at="2019-05-11T06:26:10Z">
          <reporter-output>
          </reporter-output>
        </test-method> <!-- afterMethod -->
        <test-method status="PASS" signature="guestSelectProductTest(java.lang.String, java.lang.String, java.lang.String, java.lang.String)[pri:2, instance:tests.EndToEndTest@754ba872]" name="guestSelectProductTest" duration-ms="14466" started-at="2019-05-11T06:26:10Z" data-provider="productsDetails" depends-on-methods="tests.EndToEndTest.e2eLogInTest" finished-at="2019-05-11T06:26:25Z">
          <params>
            <param index="0">
              <value>
                <![CDATA[Apparel]]>
              </value>
            </param>
            <param index="1">
              <value>
                <![CDATA[NA]]>
              </value>
            </param>
            <param index="2">
              <value>
                <![CDATA[Pure cotton T-Shirt]]>
              </value>
            </param>
            <param index="3">
              <value>
                <![CDATA[13.99]]>
              </value>
            </param>
          </params>
          <reporter-output>
          </reporter-output>
        </test-method> <!-- guestSelectProductTest -->
        <test-method status="PASS" signature="afterMethod()[pri:0, instance:tests.EndToEndTest@754ba872]" name="afterMethod" is-config="true" duration-ms="1" started-at="2019-05-11T06:26:25Z" finished-at="2019-05-11T06:26:25Z">
          <reporter-output>
          </reporter-output>
        </test-method> <!-- afterMethod -->
        <test-method status="PASS" signature="guestSelectProductTest(java.lang.String, java.lang.String, java.lang.String, java.lang.String)[pri:2, instance:tests.EndToEndTest@754ba872]" name="guestSelectProductTest" duration-ms="19906" started-at="2019-05-11T06:26:25Z" data-provider="productsDetails" depends-on-methods="tests.EndToEndTest.e2eLogInTest" finished-at="2019-05-11T06:26:45Z">
          <params>
            <param index="0">
              <value>
                <![CDATA[Computers]]>
              </value>
            </param>
            <param index="1">
              <value>
                <![CDATA[Notebooks]]>
              </value>
            </param>
            <param index="2">
              <value>
                <![CDATA[Apple MacBook Laptop]]>
              </value>
            </param>
            <param index="3">
              <value>
                <![CDATA[999.00]]>
              </value>
            </param>
          </params>
          <reporter-output>
          </reporter-output>
        </test-method> <!-- guestSelectProductTest -->
        <test-method status="PASS" signature="afterMethod()[pri:0, instance:tests.EndToEndTest@754ba872]" name="afterMethod" is-config="true" duration-ms="1" started-at="2019-05-11T06:26:45Z" finished-at="2019-05-11T06:26:45Z">
          <reporter-output>
          </reporter-output>
        </test-method> <!-- afterMethod -->
        <test-method status="PASS" signature="guestVerifyMinicartCountTest()[pri:3, instance:tests.EndToEndTest@754ba872]" name="guestVerifyMinicartCountTest" duration-ms="33" started-at="2019-05-11T06:26:45Z" depends-on-methods="tests.EndToEndTest.guestSelectProductTest" finished-at="2019-05-11T06:26:45Z">
          <reporter-output>
          </reporter-output>
        </test-method> <!-- guestVerifyMinicartCountTest -->
        <test-method status="PASS" signature="afterMethod()[pri:0, instance:tests.EndToEndTest@754ba872]" name="afterMethod" is-config="true" duration-ms="1" started-at="2019-05-11T06:26:45Z" finished-at="2019-05-11T06:26:45Z">
          <reporter-output>
          </reporter-output>
        </test-method> <!-- afterMethod -->
        <test-method status="PASS" signature="guestSetShippingBillingAddressTest()[pri:4, instance:tests.EndToEndTest@754ba872]" name="guestSetShippingBillingAddressTest" duration-ms="12363" started-at="2019-05-11T06:26:45Z" depends-on-methods="tests.EndToEndTest.guestVerifyMinicartCountTest" finished-at="2019-05-11T06:26:57Z">
          <reporter-output>
          </reporter-output>
        </test-method> <!-- guestSetShippingBillingAddressTest -->
        <test-method status="PASS" signature="afterMethod()[pri:0, instance:tests.EndToEndTest@754ba872]" name="afterMethod" is-config="true" duration-ms="0" started-at="2019-05-11T06:26:57Z" finished-at="2019-05-11T06:26:57Z">
          <reporter-output>
          </reporter-output>
        </test-method> <!-- afterMethod -->
        <test-method status="PASS" signature="guestReviewAndPlaceOrderTest()[pri:5, instance:tests.EndToEndTest@754ba872]" name="guestReviewAndPlaceOrderTest" duration-ms="13189" started-at="2019-05-11T06:26:57Z" depends-on-methods="tests.EndToEndTest.guestSetShippingBillingAddressTest" finished-at="2019-05-11T06:27:10Z">
          <reporter-output>
          </reporter-output>
        </test-method> <!-- guestReviewAndPlaceOrderTest -->
        <test-method status="PASS" signature="afterMethod()[pri:0, instance:tests.EndToEndTest@754ba872]" name="afterMethod" is-config="true" duration-ms="0" started-at="2019-05-11T06:27:10Z" finished-at="2019-05-11T06:27:10Z">
          <reporter-output>
          </reporter-output>
        </test-method> <!-- afterMethod -->
        <test-method status="PASS" signature="adminVerification()[pri:6, instance:tests.EndToEndTest@754ba872]" name="adminVerification" duration-ms="19165" started-at="2019-05-11T06:27:10Z" depends-on-methods="tests.EndToEndTest.guestReviewAndPlaceOrderTest" finished-at="2019-05-11T06:27:30Z">
          <reporter-output>
          </reporter-output>
        </test-method> <!-- adminVerification -->
        <test-method status="PASS" signature="afterMethod()[pri:0, instance:tests.EndToEndTest@754ba872]" name="afterMethod" is-config="true" duration-ms="1" started-at="2019-05-11T06:27:30Z" finished-at="2019-05-11T06:27:30Z">
          <reporter-output>
          </reporter-output>
        </test-method> <!-- afterMethod -->
        <test-method status="PASS" signature="afterClass()[pri:0, instance:tests.EndToEndTest@754ba872]" name="afterClass" is-config="true" duration-ms="849" started-at="2019-05-11T06:27:30Z" finished-at="2019-05-11T06:27:30Z">
          <reporter-output>
          </reporter-output>
        </test-method> <!-- afterClass -->
      </class> <!-- tests.EndToEndTest -->
    </test> <!-- Test -->
  </suite> <!-- Suite -->
</testng-results>
